::1 - - [20/Jul/2020:06:37:26 +0000] "GET /users/1 HTTP/1.1" 200 87 "-" "Mozilla/5.0 (Macintosh; Intel Mac OS X 10_14_0) AppleWebKit/537.36 (KHTML, like Gecko) Chrome/83.0.4103.97 Safari/537.36"
::1 - - [20/Jul/2020:10:58:04 +0000] "GET /users/107 HTTP/1.1" 200 2 "-" "Mozilla/5.0 (Macintosh; Intel Mac OS X 10_14_0) AppleWebKit/537.36 (KHTML, like Gecko) Chrome/83.0.4103.97 Safari/537.36"
::1 - - [20/Jul/2020:10:58:30 +0000] "GET /users/107 HTTP/1.1" 200 2 "-" "Mozilla/5.0 (Macintosh; Intel Mac OS X 10_14_0) AppleWebKit/537.36 (KHTML, like Gecko) Chrome/83.0.4103.97 Safari/537.36"
::1 - - [20/Jul/2020:11:02:05 +0000] "GET /users/107 HTTP/1.1" 200 2 "-" "Mozilla/5.0 (Macintosh; Intel Mac OS X 10_14_0) AppleWebKit/537.36 (KHTML, like Gecko) Chrome/83.0.4103.97 Safari/537.36"
::1 - - [20/Jul/2020:11:19:13 +0000] "GET /users/107 HTTP/1.1" 200 2 "-" "Mozilla/5.0 (Macintosh; Intel Mac OS X 10_14_0) AppleWebKit/537.36 (KHTML, like Gecko) Chrome/83.0.4103.97 Safari/537.36"
::1 - - [20/Jul/2020:11:19:37 +0000] "GET /users/107 HTTP/1.1" 200 2 "-" "Mozilla/5.0 (Macintosh; Intel Mac OS X 10_14_0) AppleWebKit/537.36 (KHTML, like Gecko) Chrome/83.0.4103.97 Safari/537.36"
::1 - - [20/Jul/2020:11:23:10 +0000] "GET /users/107 HTTP/1.1" 200 31 "-" "Mozilla/5.0 (Macintosh; Intel Mac OS X 10_14_0) AppleWebKit/537.36 (KHTML, like Gecko) Chrome/83.0.4103.97 Safari/537.36"
::1 - - [20/Jul/2020:11:24:34 +0000] "GET /users/107 HTTP/1.1" 200 233 "-" "Mozilla/5.0 (Macintosh; Intel Mac OS X 10_14_0) AppleWebKit/537.36 (KHTML, like Gecko) Chrome/83.0.4103.97 Safari/537.36"
::1 - - [20/Jul/2020:11:24:57 +0000] "GET /users/102 HTTP/1.1" 200 58 "-" "Mozilla/5.0 (Macintosh; Intel Mac OS X 10_14_0) AppleWebKit/537.36 (KHTML, like Gecko) Chrome/83.0.4103.97 Safari/537.36"
::1 - - [15/Sep/2020:06:46:57 +0000] "GET /users HTTP/1.1" 404 5 "-" "PostmanRuntime/7.26.2"
::1 - - [15/Sep/2020:06:47:58 +0000] "GET /users/users HTTP/1.1" 200 491 "-" "PostmanRuntime/7.26.2"
::1 - - [15/Sep/2020:06:50:17 +0000] "GET /users/1 HTTP/1.1" 404 5 "-" "PostmanRuntime/7.26.2"
::1 - - [15/Sep/2020:06:51:06 +0000] "GET /users/1 HTTP/1.1" 404 5 "-" "PostmanRuntime/7.26.2"
::1 - - [15/Sep/2020:06:51:45 +0000] "GET /users/1 HTTP/1.1" 200 148 "-" "PostmanRuntime/7.26.2"
::1 - - [15/Sep/2020:07:00:57 +0000] "POST /users/addUser HTTP/1.1" 404 5 "-" "PostmanRuntime/7.26.2"
::1 - - [15/Sep/2020:07:01:09 +0000] "POST /users/addUser HTTP/1.1" 200 632 "-" "PostmanRuntime/7.26.2"
::1 - - [15/Sep/2020:07:06:44 +0000] "GET /users/details?username=spiderman&password=test HTTP/1.1" 404 30 "-" "PostmanRuntime/7.26.2"
::1 - - [15/Sep/2020:07:07:35 +0000] "GET /users/details?username=spiderman&password=test HTTP/1.1" 404 30 "-" "PostmanRuntime/7.26.2"
::1 - - [15/Sep/2020:07:08:29 +0000] "GET /users/details?username=spiderman&password=test HTTP/1.1" 404 30 "-" "PostmanRuntime/7.26.2"
::1 - - [15/Sep/2020:07:10:36 +0000] "GET /users/details?username=spiderman&password=test HTTP/1.1" 404 30 "-" "PostmanRuntime/7.26.2"
::1 - - [15/Sep/2020:07:10:49 +0000] "GET /users/details?username=spiderman&password=test HTTP/1.1" 404 30 "-" "PostmanRuntime/7.26.2"
::1 - - [15/Sep/2020:07:11:33 +0000] "GET /users/details?username=spiderman&password=test HTTP/1.1" 404 30 "-" "PostmanRuntime/7.26.2"
::1 - - [15/Sep/2020:07:12:19 +0000] "GET /users/details?username=spiderman&password=test HTTP/1.1" 404 30 "-" "PostmanRuntime/7.26.2"
::1 - - [15/Sep/2020:07:13:03 +0000] "GET /users/details?username=spiderman&password=test HTTP/1.1" 404 30 "-" "PostmanRuntime/7.26.2"
::1 - - [15/Sep/2020:07:14:10 +0000] "GET /users/details?username=spiderman&password=test HTTP/1.1" 404 30 "-" "PostmanRuntime/7.26.2"
::1 - - [15/Sep/2020:07:15:14 +0000] "GET /users/details?username=spiderman&password=test HTTP/1.1" 404 30 "-" "PostmanRuntime/7.26.2"
::1 - - [15/Sep/2020:07:15:57 +0000] "GET /users/details?username=spiderman&password=test HTTP/1.1" 200 5 "-" "PostmanRuntime/7.26.2"
::1 - - [15/Sep/2020:07:16:42 +0000] "GET /users/details?username=spiderman&password=test HTTP/1.1" 200 148 "-" "PostmanRuntime/7.26.2"
::1 - - [15/Sep/2020:07:17:02 +0000] "GET /users/details?username=spiderman&password=test HTTP/1.1" 200 148 "-" "PostmanRuntime/7.26.2"
::1 - - [15/Sep/2020:07:17:37 +0000] "GET /users/details?username=spiderman&password=test HTTP/1.1" 404 30 "-" "PostmanRuntime/7.26.2"
::1 - - [15/Sep/2020:07:17:38 +0000] "GET /users/details?username=spiderman&password=test HTTP/1.1" 404 30 "-" "PostmanRuntime/7.26.2"
::1 - - [15/Sep/2020:07:18:10 +0000] "GET /users/details?username=spiderman&password=test HTTP/1.1" 200 148 "-" "PostmanRuntime/7.26.2"
::1 - - [15/Sep/2020:07:18:51 +0000] "GET /users/details?username=spiderman&password=test HTTP/1.1" 200 148 "-" "PostmanRuntime/7.26.2"
::1 - - [15/Sep/2020:07:19:01 +0000] "GET /users/2 HTTP/1.1" 200 150 "-" "PostmanRuntime/7.26.2"
::1 - - [15/Sep/2020:07:42:17 +0000] "GET /users/all HTTP/1.1" 200 491 "-" "PostmanRuntime/7.26.2"
::1 - - [15/Sep/2020:07:43:33 +0000] "GET /users/details?username=harry%20potter&password=2 HTTP/1.1" 404 30 "-" "PostmanRuntime/7.26.2"
::1 - - [15/Sep/2020:08:46:21 +0000] "POST /users/signup HTTP/1.1" 200 605 "-" "PostmanRuntime/7.26.2"
::1 - - [15/Sep/2020:08:48:25 +0000] "POST /users/signup HTTP/1.1" 200 605 "-" "PostmanRuntime/7.26.2"
::1 - - [15/Sep/2020:08:51:46 +0000] "POST /users/signup HTTP/1.1" 200 605 "-" "PostmanRuntime/7.26.2"
::1 - - [15/Sep/2020:09:09:16 +0000] "POST /users/signup HTTP/1.1" 200 679 "-" "PostmanRuntime/7.26.2"
::1 - - [15/Sep/2020:09:10:05 +0000] "GET /users/signup?username=anitha&password=test123 HTTP/1.1" 404 5 "-" "PostmanRuntime/7.26.2"
::1 - - [15/Sep/2020:09:12:44 +0000] "GET /users/signup?username=anitha&password=test123 HTTP/1.1" 404 5 "-" "PostmanRuntime/7.26.2"
::1 - - [15/Sep/2020:09:13:18 +0000] "GET /users/signup?username=anitha&password=test123 HTTP/1.1" 404 5 "-" "PostmanRuntime/7.26.2"
::1 - - [15/Sep/2020:09:13:27 +0000] "GET /users/signup?username=anitha&password=test123 HTTP/1.1" 404 5 "-" "PostmanRuntime/7.26.2"
::1 - - [15/Sep/2020:09:13:56 +0000] "GET /users/signup?username=anitha&password=test123 HTTP/1.1" 404 5 "-" "PostmanRuntime/7.26.2"
::1 - - [15/Sep/2020:09:14:27 +0000] "GET /users/signup?username=anitha&password=test123 HTTP/1.1" 404 5 "-" "PostmanRuntime/7.26.2"
::1 - - [15/Sep/2020:09:15:01 +0000] "GET /users/login?username=anitha&password=test123 HTTP/1.1" - - "-" "PostmanRuntime/7.26.2"
::1 - - [15/Sep/2020:09:15:09 +0000] "GET /users/login?username=anitha&password=test123 HTTP/1.1" 500 5 "-" "PostmanRuntime/7.26.2"
::1 - - [15/Sep/2020:09:18:40 +0000] "GET /users/login?username=anitha&password=test123 HTTP/1.1" 200 148 "-" "PostmanRuntime/7.26.2"
::1 - - [15/Sep/2020:09:20:22 +0000] "POST /users/signup HTTP/1.1" 404 5 "-" "PostmanRuntime/7.26.2"
::1 - - [15/Sep/2020:09:20:40 +0000] "POST /users/signup HTTP/1.1" 200 685 "-" "PostmanRuntime/7.26.2"
::1 - - [15/Sep/2020:09:21:17 +0000] "GET /users/login?username=anitha%20karth&password=demo HTTP/1.1" 200 148 "-" "PostmanRuntime/7.26.2"
::1 - - [15/Sep/2020:09:48:07 +0000] "GET /users/login?username=anitha%20karth&password=demo HTTP/1.1" 404 30 "-" "PostmanRuntime/7.26.2"
::1 - - [15/Sep/2020:09:48:45 +0000] "GET /users/login?username=anitha%20karth&password=demo HTTP/1.1" 404 30 "-" "PostmanRuntime/7.26.2"
::1 - - [15/Sep/2020:09:53:40 +0000] "GET /users/login?username=anitha%20karth&password=demo HTTP/1.1" 500 30 "-" "PostmanRuntime/7.26.2"
::1 - - [15/Sep/2020:10:00:56 +0000] "GET /users/login?username=anitha%20karth&password=demo HTTP/1.1" 500 30 "-" "PostmanRuntime/7.26.2"
::1 - - [15/Sep/2020:10:03:18 +0000] "POST /users/signup HTTP/1.1" 200 675 "-" "PostmanRuntime/7.26.2"
::1 - - [15/Sep/2020:10:03:40 +0000] "GET /users/login?username=isha&password=ishi HTTP/1.1" 500 5 "-" "PostmanRuntime/7.26.2"
::1 - - [15/Sep/2020:10:04:12 +0000] "GET /users/login?username=isha&password=ishi HTTP/1.1" 404 30 "-" "PostmanRuntime/7.26.2"
::1 - - [15/Sep/2020:10:04:22 +0000] "GET /users/login?username=isha&password=ishi HTTP/1.1" 404 30 "-" "PostmanRuntime/7.26.2"
::1 - - [15/Sep/2020:10:05:28 +0000] "POST /users/signup HTTP/1.1" 200 678 "-" "PostmanRuntime/7.26.2"
::1 - - [15/Sep/2020:10:07:56 +0000] "GET /users/login?username=sidha&password=sidhi HTTP/1.1" - - "-" "PostmanRuntime/7.26.2"
::1 - - [15/Sep/2020:14:29:39 +0000] "GET /login?userName=%22spiderman%22 HTTP/1.1" 404 5 "-" "PostmanRuntime/7.26.1"
::1 - - [15/Sep/2020:14:30:18 +0000] "GET /login?userName=%22spiderman%22 HTTP/1.1" 404 5 "-" "PostmanRuntime/7.26.1"
::1 - - [15/Sep/2020:14:31:33 +0000] "GET /login?userName=%22spiderman%22 HTTP/1.1" 404 5 "-" "PostmanRuntime/7.26.1"
::1 - - [15/Sep/2020:14:31:46 +0000] "GET /login?userName=%22spiderman%22 HTTP/1.1" 404 5 "-" "PostmanRuntime/7.26.1"
::1 - - [15/Sep/2020:14:37:48 +0000] "GET /users/login?userName=%22spiderman%22 HTTP/1.1" 404 30 "-" "PostmanRuntime/7.26.1"
::1 - - [15/Sep/2020:14:38:03 +0000] "GET /users/login?userName=spiderman HTTP/1.1" 500 5 "-" "PostmanRuntime/7.26.1"
::1 - - [15/Sep/2020:14:40:33 +0000] "GET /users/login?userName=spiderman HTTP/1.1" 500 5 "-" "PostmanRuntime/7.26.1"
::1 - - [15/Sep/2020:14:41:21 +0000] "GET /users/login?userName=spiderman HTTP/1.1" 500 5 "-" "PostmanRuntime/7.26.1"
::1 - - [15/Sep/2020:14:41:32 +0000] "GET /users/login?userName=spiderman HTTP/1.1" 500 5 "-" "PostmanRuntime/7.26.1"
::1 - - [15/Sep/2020:14:41:37 +0000] "GET /users/login?userName=spiderman HTTP/1.1" 500 5 "-" "PostmanRuntime/7.26.1"
::1 - - [15/Sep/2020:14:41:41 +0000] "GET /users/login?userName=spiderman HTTP/1.1" 500 5 "-" "PostmanRuntime/7.26.1"
::1 - - [15/Sep/2020:14:42:21 +0000] "GET /users/login?userName=spiderman HTTP/1.1" 500 5 "-" "PostmanRuntime/7.26.1"
::1 - - [15/Sep/2020:14:42:32 +0000] "GET /users/login?userName=spiderman HTTP/1.1" 404 20 "-" "PostmanRuntime/7.26.1"
::1 - - [15/Sep/2020:14:43:08 +0000] "GET /users/login?userName=spiderman&password=test HTTP/1.1" 404 20 "-" "PostmanRuntime/7.26.1"
::1 - - [15/Sep/2020:14:43:37 +0000] "GET /users/login?userName=spiderman&password=test HTTP/1.1" 404 22 "-" "PostmanRuntime/7.26.1"
::1 - - [15/Sep/2020:14:45:42 +0000] "GET /users/login?userName=spiderman&password=test HTTP/1.1" 404 22 "-" "PostmanRuntime/7.26.1"
::1 - - [15/Sep/2020:15:34:18 +0000] "POST /users/signup?userName=spiderman&password=test HTTP/1.1" 400 19 "-" "PostmanRuntime/7.26.1"
::1 - - [15/Sep/2020:15:34:41 +0000] "POST /users/signup?userName=spiderman&password=test HTTP/1.1" 400 19 "-" "PostmanRuntime/7.26.1"
::1 - - [15/Sep/2020:15:34:53 +0000] "POST /users/signup?userName=user1&password=test HTTP/1.1" 400 35 "-" "PostmanRuntime/7.26.1"
::1 - - [15/Sep/2020:15:35:45 +0000] "POST /users/signup?userName=user1&password=test HTTP/1.1" 400 35 "-" "PostmanRuntime/7.26.1"
::1 - - [15/Sep/2020:15:36:30 +0000] "POST /users/signup?userName=user1&password=test HTTP/1.1" 400 35 "-" "PostmanRuntime/7.26.1"
::1 - - [15/Sep/2020:15:36:40 +0000] "POST /users/signup HTTP/1.1" 400 35 "-" "PostmanRuntime/7.26.1"
::1 - - [15/Sep/2020:15:38:01 +0000] "POST /users/signup HTTP/1.1" 400 19 "-" "PostmanRuntime/7.26.1"
::1 - - [15/Sep/2020:15:39:39 +0000] "POST /users/signup HTTP/1.1" 200 705 "-" "PostmanRuntime/7.26.1"
::1 - - [15/Sep/2020:15:40:22 +0000] "POST /users/signup HTTP/1.1" 200 205 "-" "PostmanRuntime/7.26.1"
::1 - - [15/Sep/2020:15:41:45 +0000] "POST /users/signup HTTP/1.1" 200 205 "-" "PostmanRuntime/7.26.1"
::1 - - [15/Sep/2020:15:41:47 +0000] "POST /users/signup HTTP/1.1" 400 19 "-" "PostmanRuntime/7.26.1"
::1 - - [15/Sep/2020:15:41:53 +0000] "POST /users/signup HTTP/1.1" 200 205 "-" "PostmanRuntime/7.26.1"
::1 - - [15/Sep/2020:15:42:19 +0000] "GET /users/login?userName=user1&password=test HTTP/1.1" 200 166 "-" "PostmanRuntime/7.26.1"
::1 - - [15/Sep/2020:16:19:53 +0000] "GET /api/auth/login?userName=user1&password=test HTTP/1.1" 404 5 "-" "PostmanRuntime/7.26.1"
::1 - - [15/Sep/2020:16:19:56 +0000] "GET /api/auth/login?userName=user1&password=test HTTP/1.1" 404 5 "-" "PostmanRuntime/7.26.1"
::1 - - [15/Sep/2020:16:20:14 +0000] "GET /auth/login?userName=user1&password=test HTTP/1.1" 404 5 "-" "PostmanRuntime/7.26.1"
::1 - - [15/Sep/2020:16:20:33 +0000] "GET /api/ HTTP/1.1" 200 28 "-" "Mozilla/5.0 (Macintosh; Intel Mac OS X 10.14; rv:80.0) Gecko/20100101 Firefox/80.0"
::1 - - [15/Sep/2020:16:20:50 +0000] "GET /api/auth/login HTTP/1.1" 404 5 "-" "Mozilla/5.0 (Macintosh; Intel Mac OS X 10.14; rv:80.0) Gecko/20100101 Firefox/80.0"
::1 - - [15/Sep/2020:16:20:50 +0000] "GET /favicon.ico HTTP/1.1" 404 5 "-" "Mozilla/5.0 (Macintosh; Intel Mac OS X 10.14; rv:80.0) Gecko/20100101 Firefox/80.0"
::1 - - [15/Sep/2020:16:22:01 +0000] "GET /api/auth/login?userName=user1&password=test HTTP/1.1" 404 5 "-" "PostmanRuntime/7.26.1"
::1 - - [15/Sep/2020:16:22:18 +0000] "GET /api/auth/login?userName=user1&password=test HTTP/1.1" 404 5 "-" "PostmanRuntime/7.26.1"
::1 - - [15/Sep/2020:16:22:19 +0000] "GET /api/auth/login?userName=user1&password=test HTTP/1.1" 404 5 "-" "PostmanRuntime/7.26.1"
::1 - - [15/Sep/2020:16:23:29 +0000] "GET /api/auth/login?userName=user1&password=test HTTP/1.1" 404 5 "-" "PostmanRuntime/7.26.1"
::1 - - [15/Sep/2020:16:24:13 +0000] "GET /api/auth/login?userName=user1&password=test HTTP/1.1" 404 5 "-" "PostmanRuntime/7.26.1"
::1 - - [15/Sep/2020:16:24:15 +0000] "GET /api/auth/login?userName=user1&password=test HTTP/1.1" 404 5 "-" "PostmanRuntime/7.26.1"
::1 - - [15/Sep/2020:16:24:38 +0000] "GET /api/auth/ HTTP/1.1" 404 5 "-" "Mozilla/5.0 (Macintosh; Intel Mac OS X 10.14; rv:80.0) Gecko/20100101 Firefox/80.0"
::1 - - [15/Sep/2020:16:24:41 +0000] "GET /api/auth/ HTTP/1.1" 404 5 "-" "Mozilla/5.0 (Macintosh; Intel Mac OS X 10.14; rv:80.0) Gecko/20100101 Firefox/80.0"
::1 - - [15/Sep/2020:16:24:46 +0000] "GET /api/auth HTTP/1.1" 404 5 "-" "Mozilla/5.0 (Macintosh; Intel Mac OS X 10.14; rv:80.0) Gecko/20100101 Firefox/80.0"
::1 - - [15/Sep/2020:16:28:18 +0000] "GET /api/auth/login?userName=user1&password=test HTTP/1.1" 404 17 "-" "PostmanRuntime/7.26.1"
::1 - - [15/Sep/2020:16:28:35 +0000] "POST /users/signup HTTP/1.1" 404 5 "-" "PostmanRuntime/7.26.1"
::1 - - [15/Sep/2020:16:28:44 +0000] "POST /api/auth/signup HTTP/1.1" 200 151 "-" "PostmanRuntime/7.26.1"
::1 - - [15/Sep/2020:16:28:59 +0000] "GET /api/auth/login?userName=user2&password=test HTTP/1.1" 200 112 "-" "PostmanRuntime/7.26.1"
::1 - - [17/Sep/2020:12:11:38 +0000] "POST /api/auth/sign-up HTTP/1.1" 404 5 "http://localhost:3000/sign-up" "Mozilla/5.0 (Macintosh; Intel Mac OS X 10_14_5) AppleWebKit/537.36 (KHTML, like Gecko) Chrome/85.0.4183.83 Safari/537.36"
::1 - - [17/Sep/2020:12:11:44 +0000] "POST /api/auth/sign-up HTTP/1.1" 404 5 "http://localhost:3000/sign-up" "Mozilla/5.0 (Macintosh; Intel Mac OS X 10_14_5) AppleWebKit/537.36 (KHTML, like Gecko) Chrome/85.0.4183.83 Safari/537.36"
::1 - - [17/Sep/2020:12:11:49 +0000] "POST /api/auth/sign-up HTTP/1.1" 404 5 "http://localhost:3000/sign-up" "Mozilla/5.0 (Macintosh; Intel Mac OS X 10_14_5) AppleWebKit/537.36 (KHTML, like Gecko) Chrome/85.0.4183.83 Safari/537.36"
::1 - - [19/Sep/2020:10:28:51 +0000] "GET /api/geocode/forward?street=Ungargasse%2017&state=Vienna&country=Austria&postalcode=1060 HTTP/1.1" 200 613 "-" "PostmanRuntime/7.26.1"
::1 - - [19/Sep/2020:10:29:54 +0000] "GET /api/geocode/forward?street=Ungargasse%2017&state=Vienna&country=Austria&postalcode=1060 HTTP/1.1" 200 613 "-" "PostmanRuntime/7.26.1"
::1 - - [19/Sep/2020:10:30:15 +0000] "GET /api/geocode/forward?street=Ungargasse%2017&state=Vienna&country=Austria&postalcode=1060 HTTP/1.1" 200 613 "-" "PostmanRuntime/7.26.1"
::1 - - [19/Sep/2020:10:34:06 +0000] "GET /api/geocode/forward?street=Ungargasse%2017&state=Vienna&country=Austria&postalcode=1060 HTTP/1.1" 200 871 "-" "PostmanRuntime/7.26.1"
::1 - - [19/Sep/2020:10:40:25 +0000] "GET /api/geocode/forward?street=Ungargasse%2017&state=Vienna&country=Austria&postalcode=1060 HTTP/1.1" 200 871 "-" "PostmanRuntime/7.26.1"
::1 - - [19/Sep/2020:10:47:32 +0000] "GET /api/geocode/reverse?lat=60.2299&long=11.1663 HTTP/1.1" 404 5 "-" "PostmanRuntime/7.26.1"
::1 - - [19/Sep/2020:10:48:26 +0000] "GET /api/geocode/reverse?lat=60.2299&long=11.1663 HTTP/1.1" 404 5 "-" "PostmanRuntime/7.26.1"
::1 - - [19/Sep/2020:10:48:52 +0000] "GET /api/geocode/reverse?lat=60.2299&long=11.1663 HTTP/1.1" 404 5 "-" "PostmanRuntime/7.26.1"
::1 - - [19/Sep/2020:10:49:15 +0000] "GET /api/geocode/reverse?lat=60.2299&long=11.1663 HTTP/1.1" 404 5 "-" "PostmanRuntime/7.26.1"
::1 - - [19/Sep/2020:10:49:36 +0000] "GET /api/geocode/reverse?lat=60.2299&long=11.1663 HTTP/1.1" 404 5 "-" "PostmanRuntime/7.26.1"
::1 - - [19/Sep/2020:10:49:51 +0000] "GET /api/geocode/reverse?lat=60.2299&long=11.1663 HTTP/1.1" 404 5 "-" "PostmanRuntime/7.26.1"
::1 - - [19/Sep/2020:10:49:52 +0000] "GET /api/geocode/reverse?lat=60.2299&long=11.1663 HTTP/1.1" 404 5 "-" "PostmanRuntime/7.26.1"
::1 - - [19/Sep/2020:10:50:29 +0000] "GET /api/geocode/reverse?lat=60.2299&long=11.1663 HTTP/1.1" 200 670 "-" "PostmanRuntime/7.26.1"
::1 - - [19/Sep/2020:10:51:03 +0000] "GET /api/geocode/reverse?lat=60.2299&long=11.1663 HTTP/1.1" 200 670 "-" "PostmanRuntime/7.26.1"
::1 - - [19/Sep/2020:11:36:06 +0000] "GET /api/geocode/forward?street=Ungargasse%2017&state=Vienna&country=Austria&postalcode=1060&polygon=0 HTTP/1.1" 200 525 "-" "PostmanRuntime/7.26.1"
::1 - - [19/Sep/2020:11:36:13 +0000] "GET /api/geocode/forward?street=Ungargasse%2017&state=Vienna&country=Austria&postalcode=1060&polygon=1 HTTP/1.1" 200 871 "-" "PostmanRuntime/7.26.1"
